<?xml version="1.0" encoding="UTF-8"?>
<testsuite xmlns:xsi="http://www.w3.org/2001/XMLSchema-instance" xsi:noNamespaceSchemaLocation="https://maven.apache.org/surefire/maven-surefire-plugin/xsd/surefire-test-report.xsd" name="de.domephant.AppTest" time="0.023" tests="1" errors="0" skipped="0" failures="0">
  <properties>
    <property name="java.specification.version" value="16"/>
    <property name="sun.jnu.encoding" value="UTF-8"/>
    <property name="java.class.path" value="/home/dominik/IdeaProjects/ChessWithBot/target/test-classes:/home/dominik/IdeaProjects/ChessWithBot/target/classes:/home/dominik/Dokumente/MavenRepo/junit/junit/4.11/junit-4.11.jar:/home/dominik/Dokumente/MavenRepo/org/hamcrest/hamcrest-core/1.3/hamcrest-core-1.3.jar:/home/dominik/Dokumente/MavenRepo/org/apache/xmlgraphics/batik-transcoder/1.14/batik-transcoder-1.14.jar:/home/dominik/Dokumente/MavenRepo/org/apache/xmlgraphics/batik-anim/1.14/batik-anim-1.14.jar:/home/dominik/Dokumente/MavenRepo/org/apache/xmlgraphics/batik-parser/1.14/batik-parser-1.14.jar:/home/dominik/Dokumente/MavenRepo/org/apache/xmlgraphics/batik-svg-dom/1.14/batik-svg-dom-1.14.jar:/home/dominik/Dokumente/MavenRepo/org/apache/xmlgraphics/batik-awt-util/1.14/batik-awt-util-1.14.jar:/home/dominik/Dokumente/MavenRepo/org/apache/xmlgraphics/xmlgraphics-commons/2.6/xmlgraphics-commons-2.6.jar:/home/dominik/Dokumente/MavenRepo/commons-io/commons-io/1.3.1/commons-io-1.3.1.jar:/home/dominik/Dokumente/MavenRepo/commons-logging/commons-logging/1.0.4/commons-logging-1.0.4.jar:/home/dominik/Dokumente/MavenRepo/org/apache/xmlgraphics/batik-bridge/1.14/batik-bridge-1.14.jar:/home/dominik/Dokumente/MavenRepo/org/apache/xmlgraphics/batik-dom/1.14/batik-dom-1.14.jar:/home/dominik/Dokumente/MavenRepo/xalan/xalan/2.7.2/xalan-2.7.2.jar:/home/dominik/Dokumente/MavenRepo/xalan/serializer/2.7.2/serializer-2.7.2.jar:/home/dominik/Dokumente/MavenRepo/xml-apis/xml-apis/1.4.01/xml-apis-1.4.01.jar:/home/dominik/Dokumente/MavenRepo/org/apache/xmlgraphics/batik-gvt/1.14/batik-gvt-1.14.jar:/home/dominik/Dokumente/MavenRepo/org/apache/xmlgraphics/batik-shared-resources/1.14/batik-shared-resources-1.14.jar:/home/dominik/Dokumente/MavenRepo/org/apache/xmlgraphics/batik-svggen/1.14/batik-svggen-1.14.jar:/home/dominik/Dokumente/MavenRepo/org/apache/xmlgraphics/batik-util/1.14/batik-util-1.14.jar:/home/dominik/Dokumente/MavenRepo/org/apache/xmlgraphics/batik-constants/1.14/batik-constants-1.14.jar:/home/dominik/Dokumente/MavenRepo/org/apache/xmlgraphics/batik-i18n/1.14/batik-i18n-1.14.jar:/home/dominik/Dokumente/MavenRepo/org/apache/xmlgraphics/batik-xml/1.14/batik-xml-1.14.jar:/home/dominik/Dokumente/MavenRepo/xml-apis/xml-apis-ext/1.3.04/xml-apis-ext-1.3.04.jar:/home/dominik/Dokumente/MavenRepo/org/apache/xmlgraphics/batik-swing/1.14/batik-swing-1.14.jar:/home/dominik/Dokumente/MavenRepo/org/apache/xmlgraphics/batik-css/1.14/batik-css-1.14.jar:/home/dominik/Dokumente/MavenRepo/org/apache/xmlgraphics/batik-ext/1.14/batik-ext-1.14.jar:/home/dominik/Dokumente/MavenRepo/org/apache/xmlgraphics/batik-gui-util/1.14/batik-gui-util-1.14.jar:/home/dominik/Dokumente/MavenRepo/org/apache/xmlgraphics/batik-script/1.14/batik-script-1.14.jar:"/>
    <property name="java.vm.vendor" value="Oracle Corporation"/>
    <property name="sun.arch.data.model" value="64"/>
    <property name="java.vendor.url" value="https://java.oracle.com/"/>
    <property name="os.name" value="Linux"/>
    <property name="java.vm.specification.version" value="16"/>
    <property name="sun.java.launcher" value="SUN_STANDARD"/>
    <property name="user.country" value="DE"/>
    <property name="sun.boot.library.path" value="/home/dominik/.jdks/openjdk-16.0.2/lib"/>
    <property name="sun.java.command" value="/home/dominik/IdeaProjects/ChessWithBot/target/surefire/surefirebooter4962664593920912646.jar /home/dominik/IdeaProjects/ChessWithBot/target/surefire 2021-08-30T20-59-12_370-jvmRun1 surefire2012845682574023730tmp surefire_06635059802626258876tmp"/>
    <property name="jdk.debug" value="release"/>
    <property name="surefire.test.class.path" value="/home/dominik/IdeaProjects/ChessWithBot/target/test-classes:/home/dominik/IdeaProjects/ChessWithBot/target/classes:/home/dominik/Dokumente/MavenRepo/junit/junit/4.11/junit-4.11.jar:/home/dominik/Dokumente/MavenRepo/org/hamcrest/hamcrest-core/1.3/hamcrest-core-1.3.jar:/home/dominik/Dokumente/MavenRepo/org/apache/xmlgraphics/batik-transcoder/1.14/batik-transcoder-1.14.jar:/home/dominik/Dokumente/MavenRepo/org/apache/xmlgraphics/batik-anim/1.14/batik-anim-1.14.jar:/home/dominik/Dokumente/MavenRepo/org/apache/xmlgraphics/batik-parser/1.14/batik-parser-1.14.jar:/home/dominik/Dokumente/MavenRepo/org/apache/xmlgraphics/batik-svg-dom/1.14/batik-svg-dom-1.14.jar:/home/dominik/Dokumente/MavenRepo/org/apache/xmlgraphics/batik-awt-util/1.14/batik-awt-util-1.14.jar:/home/dominik/Dokumente/MavenRepo/org/apache/xmlgraphics/xmlgraphics-commons/2.6/xmlgraphics-commons-2.6.jar:/home/dominik/Dokumente/MavenRepo/commons-io/commons-io/1.3.1/commons-io-1.3.1.jar:/home/dominik/Dokumente/MavenRepo/commons-logging/commons-logging/1.0.4/commons-logging-1.0.4.jar:/home/dominik/Dokumente/MavenRepo/org/apache/xmlgraphics/batik-bridge/1.14/batik-bridge-1.14.jar:/home/dominik/Dokumente/MavenRepo/org/apache/xmlgraphics/batik-dom/1.14/batik-dom-1.14.jar:/home/dominik/Dokumente/MavenRepo/xalan/xalan/2.7.2/xalan-2.7.2.jar:/home/dominik/Dokumente/MavenRepo/xalan/serializer/2.7.2/serializer-2.7.2.jar:/home/dominik/Dokumente/MavenRepo/xml-apis/xml-apis/1.4.01/xml-apis-1.4.01.jar:/home/dominik/Dokumente/MavenRepo/org/apache/xmlgraphics/batik-gvt/1.14/batik-gvt-1.14.jar:/home/dominik/Dokumente/MavenRepo/org/apache/xmlgraphics/batik-shared-resources/1.14/batik-shared-resources-1.14.jar:/home/dominik/Dokumente/MavenRepo/org/apache/xmlgraphics/batik-svggen/1.14/batik-svggen-1.14.jar:/home/dominik/Dokumente/MavenRepo/org/apache/xmlgraphics/batik-util/1.14/batik-util-1.14.jar:/home/dominik/Dokumente/MavenRepo/org/apache/xmlgraphics/batik-constants/1.14/batik-constants-1.14.jar:/home/dominik/Dokumente/MavenRepo/org/apache/xmlgraphics/batik-i18n/1.14/batik-i18n-1.14.jar:/home/dominik/Dokumente/MavenRepo/org/apache/xmlgraphics/batik-xml/1.14/batik-xml-1.14.jar:/home/dominik/Dokumente/MavenRepo/xml-apis/xml-apis-ext/1.3.04/xml-apis-ext-1.3.04.jar:/home/dominik/Dokumente/MavenRepo/org/apache/xmlgraphics/batik-swing/1.14/batik-swing-1.14.jar:/home/dominik/Dokumente/MavenRepo/org/apache/xmlgraphics/batik-css/1.14/batik-css-1.14.jar:/home/dominik/Dokumente/MavenRepo/org/apache/xmlgraphics/batik-ext/1.14/batik-ext-1.14.jar:/home/dominik/Dokumente/MavenRepo/org/apache/xmlgraphics/batik-gui-util/1.14/batik-gui-util-1.14.jar:/home/dominik/Dokumente/MavenRepo/org/apache/xmlgraphics/batik-script/1.14/batik-script-1.14.jar:"/>
    <property name="sun.cpu.endian" value="little"/>
    <property name="user.home" value="/home/dominik"/>
    <property name="user.language" value="de"/>
    <property name="java.specification.vendor" value="Oracle Corporation"/>
    <property name="java.version.date" value="2021-07-20"/>
    <property name="java.home" value="/home/dominik/.jdks/openjdk-16.0.2"/>
    <property name="file.separator" value="/"/>
    <property name="basedir" value="/home/dominik/IdeaProjects/ChessWithBot"/>
    <property name="java.vm.compressedOopsMode" value="Zero based"/>
    <property name="line.separator" value="&#10;"/>
    <property name="java.vm.specification.vendor" value="Oracle Corporation"/>
    <property name="java.specification.name" value="Java Platform API Specification"/>
    <property name="surefire.real.class.path" value="/home/dominik/IdeaProjects/ChessWithBot/target/surefire/surefirebooter4962664593920912646.jar"/>
    <property name="sun.management.compiler" value="HotSpot 64-Bit Tiered Compilers"/>
    <property name="java.runtime.version" value="16.0.2+7-67"/>
    <property name="user.name" value="dominik"/>
    <property name="path.separator" value=":"/>
    <property name="os.version" value="5.10.60-1-MANJARO"/>
    <property name="java.runtime.name" value="OpenJDK Runtime Environment"/>
    <property name="file.encoding" value="UTF-8"/>
    <property name="java.vm.name" value="OpenJDK 64-Bit Server VM"/>
    <property name="localRepository" value="/home/dominik/Dokumente/MavenRepo"/>
    <property name="java.vendor.url.bug" value="https://bugreport.java.com/bugreport/"/>
    <property name="java.io.tmpdir" value="/tmp"/>
    <property name="idea.version" value="2021.2"/>
    <property name="java.version" value="16.0.2"/>
    <property name="user.dir" value="/home/dominik/IdeaProjects/ChessWithBot"/>
    <property name="os.arch" value="amd64"/>
    <property name="java.vm.specification.name" value="Java Virtual Machine Specification"/>
    <property name="java.library.path" value=":/usr/java/packages/lib:/usr/lib64:/lib64:/lib:/usr/lib"/>
    <property name="java.vm.info" value="mixed mode, sharing"/>
    <property name="java.vendor" value="Oracle Corporation"/>
    <property name="java.vm.version" value="16.0.2+7-67"/>
    <property name="sun.io.unicode.encoding" value="UnicodeLittle"/>
    <property name="maven.repo.local" value="/home/dominik/Dokumente/MavenRepo"/>
    <property name="java.class.version" value="60.0"/>
  </properties>
  <testcase name="shouldAnswerWithTrue" classname="de.domephant.AppTest" time="0.001"/>
</testsuite>